npm error code ERESOLVE
npm error ERESOLVE unable to resolve dependency tree
npm error
npm error While resolving: yc_directory@0.1.0
npm error Found: react@19.2.0-canary-f9ae0a4c-20250527
npm error node_modules/react
npm error   react@"^19.2.0-canary-b4477d38-20250605" from the root project
npm error
npm error Could not resolve dependency:
npm error peer react@"^18.2.0 || 19.0.0-rc-de68d2f4-20241204 || ^19.0.0" from next@15.4.0-canary.69
npm error node_modules/next
npm error   next@"^15.4.0-canary.68" from the root project
npm error
npm error Fix the upstream dependency conflict, or retry
npm error this command with --force or --legacy-peer-deps
npm error to accept an incorrect (and potentially broken) dependency resolution.
npm error
npm error
npm error For a full report see:
npm error C:\Users\marti\AppData\Local\npm-cache\_logs\2025-06-06T22_38_05_547Z-eresolve-report.txt

npm error A complete log of this run can be found in: C:\Users\marti\AppData\Local\npm-cache\_logs\2025-06-06T22_38_05_547Z-debug-0.log
